<?xml version="1.0" encoding="UTF-8"?>
<testng-results ignored="0" total="2" passed="2" failed="0" skipped="0">
  <reporter-output>
  </reporter-output>
  <suite started-at="2022-07-19T23:19:24 WIB" name="Suite" finished-at="2022-07-19T23:21:45 WIB" duration-ms="141367">
    <groups>
      <group name="cucumber">
        <method signature="AbstractTestNGCucumberTests.runScenario(io.cucumber.testng.PickleWrapper, io.cucumber.testng.FeatureWrapper)[pri:0, instance:runnerFiles.PaymentRunnerTest@5cee5251]" name="runScenario" class="io.cucumber.testng.AbstractTestNGCucumberTests"/>
      </group> <!-- cucumber -->
    </groups>
    <test started-at="2022-07-19T23:19:24 WIB" name="Test" finished-at="2022-07-19T23:21:45 WIB" duration-ms="141367">
      <class name="runnerFiles.PaymentRunnerTest">
        <test-method is-config="true" signature="setUpClass()[pri:0, instance:runnerFiles.PaymentRunnerTest@5cee5251]" started-at="2022-07-19T23:19:24 WIB" name="setUpClass" finished-at="2022-07-19T23:19:25 WIB" duration-ms="1616" status="PASS">
          <reporter-output>
          </reporter-output>
        </test-method> <!-- setUpClass -->
        <test-method signature="runScenario(io.cucumber.testng.PickleWrapper, io.cucumber.testng.FeatureWrapper)[pri:0, instance:runnerFiles.PaymentRunnerTest@5cee5251]" started-at="2022-07-19T23:19:25 WIB" name="runScenario" description="Runs Cucumber Scenarios" data-provider="scenarios" finished-at="2022-07-19T23:20:31 WIB" duration-ms="65711" status="PASS">
          <params>
            <param index="0">
              <value>
                <![CDATA["Menambahkan payment baru data terisi lengkap"]]>
              </value>
            </param>
            <param index="1">
              <value>
                <![CDATA["Payment Gateway Poject"]]>
              </value>
            </param>
          </params>
          <reporter-output>
          </reporter-output>
        </test-method> <!-- runScenario -->
        <test-method signature="runScenario(io.cucumber.testng.PickleWrapper, io.cucumber.testng.FeatureWrapper)[pri:0, instance:runnerFiles.PaymentRunnerTest@5cee5251]" started-at="2022-07-19T23:20:31 WIB" name="runScenario" description="Runs Cucumber Scenarios" data-provider="scenarios" finished-at="2022-07-19T23:21:44 WIB" duration-ms="73296" status="PASS">
          <params>
            <param index="0">
              <value>
                <![CDATA["Menambahkan payment baru data tidak terisi lengkap"]]>
              </value>
            </param>
            <param index="1">
              <value>
                <![CDATA["Payment Gateway Poject"]]>
              </value>
            </param>
          </params>
          <reporter-output>
          </reporter-output>
        </test-method> <!-- runScenario -->
        <test-method is-config="true" signature="tearDownClass()[pri:0, instance:runnerFiles.PaymentRunnerTest@5cee5251]" started-at="2022-07-19T23:21:44 WIB" name="tearDownClass" finished-at="2022-07-19T23:21:45 WIB" duration-ms="570" status="PASS">
          <reporter-output>
          </reporter-output>
        </test-method> <!-- tearDownClass -->
      </class> <!-- runnerFiles.PaymentRunnerTest -->
    </test> <!-- Test -->
  </suite> <!-- Suite -->
</testng-results>
